tasks/build/outputs/logs/manifest-merger-release-report.txt
-- Merging decision tree log ---
manifest
ADDED from AndroidManifest.xml:2:1
	xmlns:android
		ADDED from AndroidManifest.xml:2:11
	package
		ADDED from AndroidManifest.xml:3:5
		INJECTED from AndroidManifest.xml:0:0
		INJECTED from AndroidManifest.xml:0:0
	android:versionName
		ADDED from AndroidManifest.xml:5:5
	android:versionCode
		ADDED from AndroidManifest.xml:4:5
		INJECTED from AndroidManifest.xml:0:0
		INJECTED from AndroidManifest.xml:0:0
uses-sdk
ADDED from AndroidManifest.xml:7:5
MERGED from com.android.support:support-v4:22.2.1:20:5
MERGED from com.android.support:appcompat-v7:22.2.1:20:5
MERGED from com.android.support:support-v4:22.2.1:20:5
MERGED from com.google.android.gms:play-services:6.5.87:18:5
MERGED from com.android.support:support-v4:22.2.1:20:5
MERGED from Sync for iCloud Tasks:taskprovider:unspecified:7:5
MERGED from Sync for iCloud Tasks:library:unspecified:5:5
MERGED from com.android.support:support-v4:22.2.1:20:5
MERGED from com.android.support:appcompat-v7:22.2.1:20:5
MERGED from com.android.support:support-v4:22.2.1:20:5
	android:targetSdkVersion
		ADDED from AndroidManifest.xml:9:9
		INJECTED from AndroidManifest.xml:0:0
		INJECTED from AndroidManifest.xml:0:0
	android:minSdkVersion
		ADDED from AndroidManifest.xml:8:9
		INJECTED from AndroidManifest.xml:0:0
		INJECTED from AndroidManifest.xml:0:0
permission#com.granita.permission.READ_TASKS
ADDED from AndroidManifest.xml:11:5
	android:label
		ADDED from AndroidManifest.xml:14:9
	android:exported
		ADDED from AndroidManifest.xml:15:9
	android:protectionLevel
		ADDED from AndroidManifest.xml:17:9
	android:description
		ADDED from AndroidManifest.xml:13:9
	android:permissionGroup
		ADDED from AndroidManifest.xml:16:9
	android:name
		ADDED from AndroidManifest.xml:12:9
permission#com.granita.permission.WRITE_TASKS
ADDED from AndroidManifest.xml:19:5
	android:label
		ADDED from AndroidManifest.xml:22:9
	android:exported
		ADDED from AndroidManifest.xml:23:9
	android:protectionLevel
		ADDED from AndroidManifest.xml:25:9
	android:description
		ADDED from AndroidManifest.xml:21:9
	android:permissionGroup
		ADDED from AndroidManifest.xml:24:9
	android:name
		ADDED from AndroidManifest.xml:20:9
uses-permission#com.android.vending.BILLING
ADDED from AndroidManifest.xml:28:5
	android:name
		ADDED from AndroidManifest.xml:28:22
uses-permission#android.permission.INTERNET
ADDED from AndroidManifest.xml:29:5
	android:name
		ADDED from AndroidManifest.xml:29:22
uses-permission#android.permission.ACCESS_NETWORK_STATE
ADDED from AndroidManifest.xml:30:5
	android:name
		ADDED from AndroidManifest.xml:30:22
uses-permission#com.granita.permission.READ_TASKS
ADDED from AndroidManifest.xml:31:5
	android:name
		ADDED from AndroidManifest.xml:31:22
uses-permission#com.granita.permission.WRITE_TASKS
ADDED from AndroidManifest.xml:32:5
	android:name
		ADDED from AndroidManifest.xml:32:22
uses-permission#android.permission.GET_ACCOUNTS
ADDED from AndroidManifest.xml:33:5
	android:name
		ADDED from AndroidManifest.xml:33:22
uses-permission#android.permission.READ_CONTACTS
ADDED from AndroidManifest.xml:34:5
	android:name
		ADDED from AndroidManifest.xml:34:22
uses-permission#android.permission.READ_SYNC_SETTINGS
ADDED from AndroidManifest.xml:35:5
	android:name
		ADDED from AndroidManifest.xml:35:22
uses-permission#android.permission.VIBRATE
ADDED from AndroidManifest.xml:36:5
	android:name
		ADDED from AndroidManifest.xml:36:22
uses-permission#com.android.alarm.permission.SET_ALARM
ADDED from AndroidManifest.xml:37:5
MERGED from Sync for iCloud Tasks:taskprovider:unspecified:11:5
	android:name
		ADDED from AndroidManifest.xml:37:22
uses-permission#android.permission.RECEIVE_BOOT_COMPLETED
ADDED from AndroidManifest.xml:38:5
	android:name
		ADDED from AndroidManifest.xml:38:22
application
ADDED from AndroidManifest.xml:42:5
MERGED from com.android.support:support-v4:22.2.1:22:5
MERGED from com.android.support:appcompat-v7:22.2.1:22:5
MERGED from com.android.support:support-v4:22.2.1:22:5
MERGED from com.google.android.gms:play-services:6.5.87:20:5
MERGED from com.android.support:support-v4:22.2.1:22:5
MERGED from Sync for iCloud Tasks:taskprovider:unspecified:13:5
MERGED from Sync for iCloud Tasks:library:unspecified:9:5
MERGED from com.android.support:support-v4:22.2.1:22:5
MERGED from com.android.support:appcompat-v7:22.2.1:22:5
MERGED from com.android.support:support-v4:22.2.1:22:5
	android:label
		ADDED from AndroidManifest.xml:45:9
	android:icon
		ADDED from AndroidManifest.xml:44:9
	android:theme
		ADDED from AndroidManifest.xml:47:9
	android:taskAffinity
		ADDED from AndroidManifest.xml:46:9
	android:name
		ADDED from AndroidManifest.xml:43:9
meta-data#com.google.android.gms.version
ADDED from AndroidManifest.xml:49:9
MERGED from com.google.android.gms:play-services:6.5.87:21:9
	android:name
		ADDED from AndroidManifest.xml:49:20
	android:value
		ADDED from AndroidManifest.xml:50:13
activity#com.google.android.gms.ads.AdActivity
ADDED from AndroidManifest.xml:53:9
	android:configChanges
		ADDED from AndroidManifest.xml:54:13
	android:theme
		ADDED from AndroidManifest.xml:55:13
	android:name
		ADDED from AndroidManifest.xml:53:19
activity#com.granita.installicloud
ADDED from AndroidManifest.xml:57:9
	android:theme
		ADDED from AndroidManifest.xml:58:13
	android:name
		ADDED from AndroidManifest.xml:57:19
activity#com.granita.tasks.TaskListActivity
ADDED from AndroidManifest.xml:61:9
	android:label
		ADDED from AndroidManifest.xml:63:13
	android:name
		ADDED from AndroidManifest.xml:62:13
	android:launchMode
		ADDED from AndroidManifest.xml:64:13
intent-filter#android.intent.action.MAIN+android.intent.category.LAUNCHER
ADDED from AndroidManifest.xml:65:13
action#android.intent.action.MAIN
ADDED from AndroidManifest.xml:66:17
	android:name
		ADDED from AndroidManifest.xml:66:25
category#android.intent.category.LAUNCHER
ADDED from AndroidManifest.xml:68:17
	android:name
		ADDED from AndroidManifest.xml:68:27
activity#com.granita.tasks.ViewTaskActivity
ADDED from AndroidManifest.xml:73:9
	android:label
		ADDED from AndroidManifest.xml:75:13
	android:theme
		ADDED from AndroidManifest.xml:77:13
	android:parentActivityName
		ADDED from AndroidManifest.xml:76:13
	android:name
		ADDED from AndroidManifest.xml:74:13
intent-filter#android.intent.action.VIEW+android.intent.category.DEFAULT
ADDED from AndroidManifest.xml:78:13
	android:label
		ADDED from AndroidManifest.xml:78:28
action#android.intent.action.VIEW
ADDED from AndroidManifest.xml:79:17
	android:name
		ADDED from AndroidManifest.xml:79:25
category#android.intent.category.DEFAULT
ADDED from AndroidManifest.xml:81:17
	android:name
		ADDED from AndroidManifest.xml:81:27
data
ADDED from AndroidManifest.xml:83:17
	android:mimeType
		ADDED from AndroidManifest.xml:85:21
	android:host
		ADDED from AndroidManifest.xml:84:21
activity#com.granita.tasks.EditTaskActivity
ADDED from AndroidManifest.xml:90:9
	android:windowSoftInputMode
		ADDED from AndroidManifest.xml:95:13
	android:label
		ADDED from AndroidManifest.xml:92:13
	android:theme
		ADDED from AndroidManifest.xml:94:13
	android:parentActivityName
		ADDED from AndroidManifest.xml:93:13
	android:name
		ADDED from AndroidManifest.xml:91:13
meta-data#android.support.PARENT_ACTIVITY
ADDED from AndroidManifest.xml:96:13
	android:name
		ADDED from AndroidManifest.xml:97:17
	android:value
		ADDED from AndroidManifest.xml:98:17
intent-filter#android.intent.action.EDIT+android.intent.category.DEFAULT
ADDED from AndroidManifest.xml:100:13
	android:label
		ADDED from AndroidManifest.xml:100:28
action#android.intent.action.EDIT
ADDED from AndroidManifest.xml:101:17
	android:name
		ADDED from AndroidManifest.xml:101:25
intent-filter#android.intent.category.DEFAULT+com.google.android.gm.action.AUTO_SEND
ADDED from AndroidManifest.xml:111:13
	android:label
		ADDED from AndroidManifest.xml:111:28
action#com.google.android.gm.action.AUTO_SEND
ADDED from AndroidManifest.xml:112:17
	android:name
		ADDED from AndroidManifest.xml:112:25
intent-filter#android.intent.action.SEND+android.intent.category.DEFAULT
ADDED from AndroidManifest.xml:120:13
	android:label
		ADDED from AndroidManifest.xml:120:28
action#android.intent.action.SEND
ADDED from AndroidManifest.xml:121:17
	android:name
		ADDED from AndroidManifest.xml:121:25
intent-filter#android.intent.action.INSERT+android.intent.category.DEFAULT
ADDED from AndroidManifest.xml:127:13
	android:label
		ADDED from AndroidManifest.xml:127:28
action#android.intent.action.INSERT
ADDED from AndroidManifest.xml:128:17
	android:name
		ADDED from AndroidManifest.xml:128:25
intent-filter#android.intent.action.INSERT_OR_EDIT+android.intent.category.DEFAULT
ADDED from AndroidManifest.xml:134:13
	android:label
		ADDED from AndroidManifest.xml:134:28
action#android.intent.action.INSERT_OR_EDIT
ADDED from AndroidManifest.xml:135:17
	android:name
		ADDED from AndroidManifest.xml:135:25
provider#com.granita.provider.tasks.TaskProvider
ADDED from AndroidManifest.xml:146:9
	android:label
		ADDED from AndroidManifest.xml:150:13
	android:multiprocess
		ADDED from AndroidManifest.xml:151:13
	android:exported
		ADDED from AndroidManifest.xml:149:13
	android:authorities
		ADDED from AndroidManifest.xml:148:13
	android:readPermission
		ADDED from AndroidManifest.xml:152:13
	android:name
		ADDED from AndroidManifest.xml:147:13
	android:writePermission
		ADDED from AndroidManifest.xml:153:13
activity#com.granita.tasks.SyncSettingsActivity
ADDED from AndroidManifest.xml:155:9
	android:label
		ADDED from AndroidManifest.xml:157:13
	android:parentActivityName
		ADDED from AndroidManifest.xml:158:13
	android:name
		ADDED from AndroidManifest.xml:156:13
activity#com.granita.tasks.homescreen.TaskListWidgetSettingsActivity
ADDED from AndroidManifest.xml:163:9
	android:label
		ADDED from AndroidManifest.xml:165:13
	android:theme
		ADDED from AndroidManifest.xml:166:13
	android:name
		ADDED from AndroidManifest.xml:164:13
intent-filter#android.appwidget.action.APPWIDGET_CONFIGURE
ADDED from AndroidManifest.xml:167:13
action#android.appwidget.action.APPWIDGET_CONFIGURE
ADDED from AndroidManifest.xml:168:17
	android:name
		ADDED from AndroidManifest.xml:168:25
service#com.granita.tasks.homescreen.TaskListWidgetUpdaterService
ADDED from AndroidManifest.xml:172:9
	android:permission
		ADDED from AndroidManifest.xml:174:13
	android:name
		ADDED from AndroidManifest.xml:173:13
receiver#com.granita.tasks.homescreen.TaskListWidgetProvider
ADDED from AndroidManifest.xml:177:9
	android:label
		ADDED from AndroidManifest.xml:179:13
	android:name
		ADDED from AndroidManifest.xml:178:13
intent-filter#android.appwidget.action.APPWIDGET_UPDATE
ADDED from AndroidManifest.xml:180:13
action#android.appwidget.action.APPWIDGET_UPDATE
ADDED from AndroidManifest.xml:181:17
	android:name
		ADDED from AndroidManifest.xml:181:25
intent-filter#com.granita.tasks.action.TASKWIDGET_UPDATE
ADDED from AndroidManifest.xml:183:13
action#com.granita.tasks.action.TASKWIDGET_UPDATE
ADDED from AndroidManifest.xml:184:17
	android:name
		ADDED from AndroidManifest.xml:184:25
intent-filter#android.intent.action.PROVIDER_CHANGED
ADDED from AndroidManifest.xml:186:13
action#android.intent.action.PROVIDER_CHANGED
ADDED from AndroidManifest.xml:187:17
	android:name
		ADDED from AndroidManifest.xml:187:25
intent-filter#com.granita.android.tasks.TASK_START
ADDED from AndroidManifest.xml:193:13
action#com.granita.android.tasks.TASK_START
ADDED from AndroidManifest.xml:194:17
	android:name
		ADDED from AndroidManifest.xml:194:25
meta-data#android.appwidget.provider
ADDED from AndroidManifest.xml:201:13
	android:resource
		ADDED from AndroidManifest.xml:203:17
	android:name
		ADDED from AndroidManifest.xml:202:17
receiver#com.granita.tasks.homescreen.TaskListWidgetProviderLarge
ADDED from AndroidManifest.xml:205:9
	android:label
		ADDED from AndroidManifest.xml:207:13
	android:name
		ADDED from AndroidManifest.xml:206:13
receiver#com.granita.provider.tasks.broadcast.StartAlarmBroadcastHandler
ADDED from AndroidManifest.xml:234:9
	android:name
		ADDED from AndroidManifest.xml:234:19
intent-filter#android.intent.action.BOOT_COMPLETED
ADDED from AndroidManifest.xml:235:13
action#android.intent.action.BOOT_COMPLETED
ADDED from AndroidManifest.xml:236:17
	android:name
		ADDED from AndroidManifest.xml:236:25
intent-filter#android.intent.action.QUICKBOOT_POWERON
ADDED from AndroidManifest.xml:241:13
action#android.intent.action.QUICKBOOT_POWERON
ADDED from AndroidManifest.xml:242:17
	android:name
		ADDED from AndroidManifest.xml:242:25
receiver#com.granita.provider.tasks.broadcast.DueAlarmBroadcastHandler
ADDED from AndroidManifest.xml:245:9
MERGED from Sync for iCloud Tasks:taskprovider:unspecified:14:9
	android:name
		ADDED from AndroidManifest.xml:245:19
intent-filter#com.granita.android.tasks.TASK_DUE
ADDED from AndroidManifest.xml:246:13
action#com.granita.android.tasks.TASK_DUE
ADDED from AndroidManifest.xml:247:17
	android:name
		ADDED from AndroidManifest.xml:247:25
receiver#com.granita.provider.tasks.broadcast.TimeChangeBroadcastReceiver
ADDED from AndroidManifest.xml:256:9
MERGED from Sync for iCloud Tasks:taskprovider:unspecified:19:9
	android:label
		ADDED from AndroidManifest.xml:258:13
	android:name
		ADDED from AndroidManifest.xml:257:13
intent-filter#android.intent.action.TIME_SET
ADDED from AndroidManifest.xml:259:13
action#android.intent.action.TIME_SET
ADDED from AndroidManifest.xml:260:17
	android:name
		ADDED from AndroidManifest.xml:260:25
receiver#com.granita.provider.tasks.broadcast.AccountsChangeBroadcastReceiver
ADDED from AndroidManifest.xml:263:9
	android:name
		ADDED from AndroidManifest.xml:263:19
intent-filter#android.accounts.LOGIN_ACCOUNTS_CHANGED
ADDED from AndroidManifest.xml:264:13
action#android.accounts.LOGIN_ACCOUNTS_CHANGED
ADDED from AndroidManifest.xml:265:17
	android:name
		ADDED from AndroidManifest.xml:265:25
receiver#com.granita.tasks.notification.AlarmBroadcastReceiver
ADDED from AndroidManifest.xml:269:9
	android:name
		ADDED from AndroidManifest.xml:269:19
service#com.granita.tasks.notification.NotificationActionIntentService
ADDED from AndroidManifest.xml:287:9
	android:exported
		ADDED from AndroidManifest.xml:289:13
	android:name
		ADDED from AndroidManifest.xml:288:13
intent-filter#com.granita.tasks.action.notification.COMPLETE+com.granita.tasks.action.notification.DELAY_1D+com.granita.tasks.action.notification.DELAY_1H
ADDED from AndroidManifest.xml:290:13
action#com.granita.tasks.action.notification.COMPLETE
ADDED from AndroidManifest.xml:291:17
	android:name
		ADDED from AndroidManifest.xml:291:25
action#com.granita.tasks.action.notification.DELAY_1H
ADDED from AndroidManifest.xml:292:17
	android:name
		ADDED from AndroidManifest.xml:292:25
action#com.granita.tasks.action.notification.DELAY_1D
ADDED from AndroidManifest.xml:293:17
	android:name
		ADDED from AndroidManifest.xml:293:25
intent-filter#com.granita.tasks.action.notification.ACTION_UNDO_TIMEOUT+com.granita.tasks.action.notification.DESTRUCT+com.granita.tasks.action.notification.UNDO
ADDED from AndroidManifest.xml:299:13
action#com.granita.tasks.action.notification.UNDO
ADDED from AndroidManifest.xml:300:17
	android:name
		ADDED from AndroidManifest.xml:300:25
action#com.granita.tasks.action.notification.DESTRUCT
ADDED from AndroidManifest.xml:301:17
	android:name
		ADDED from AndroidManifest.xml:301:25
action#com.granita.tasks.action.notification.ACTION_UNDO_TIMEOUT
ADDED from AndroidManifest.xml:302:17
	android:name
		ADDED from AndroidManifest.xml:302:25
service#com.granita.tasks.dashclock.TasksExtension
ADDED from AndroidManifest.xml:307:9
	android:label
		ADDED from AndroidManifest.xml:310:13
	android:icon
		ADDED from AndroidManifest.xml:309:13
	android:permission
		ADDED from AndroidManifest.xml:311:13
	android:name
		ADDED from AndroidManifest.xml:308:13
intent-filter#com.google.android.apps.dashclock.Extension
ADDED from AndroidManifest.xml:312:13
action#com.google.android.apps.dashclock.Extension
ADDED from AndroidManifest.xml:313:17
	android:name
		ADDED from AndroidManifest.xml:313:25
meta-data#protocolVersion
ADDED from AndroidManifest.xml:316:13
	android:name
		ADDED from AndroidManifest.xml:317:17
	android:value
		ADDED from AndroidManifest.xml:318:17
meta-data#worldReadable
ADDED from AndroidManifest.xml:319:13
	android:name
		ADDED from AndroidManifest.xml:320:17
	android:value
		ADDED from AndroidManifest.xml:321:17
meta-data#description
ADDED from AndroidManifest.xml:322:13
	android:name
		ADDED from AndroidManifest.xml:323:17
	android:value
		ADDED from AndroidManifest.xml:324:17
meta-data#settingsActivity
ADDED from AndroidManifest.xml:326:13
	android:name
		ADDED from AndroidManifest.xml:327:17
	android:value
		ADDED from AndroidManifest.xml:328:17
activity#com.granita.tasks.dashclock.DashClockPreferenceActivity
ADDED from AndroidManifest.xml:331:9
	android:label
		ADDED from AndroidManifest.xml:334:13
	android:exported
		ADDED from AndroidManifest.xml:333:13
	android:name
		ADDED from AndroidManifest.xml:332:13